<?xml version="1.0" encoding="UTF-8"?>
<!-- Generated by org.testng.reporters.JUnitReportReporter -->
<testsuite hostname="RajKumar" failures="0" tests="3" name="com.qa.testCases.LoginPageTestCase_TC1" time="2.591" errors="0" timestamp="2024-06-26T07:53:31 IST" skipped="0">
  <testcase classname="com.qa.testCases.LoginPageTestCase_TC1" name="loginTest" time="0.783"/>
  <system-out/>
  <testcase classname="com.qa.testCases.LoginPageTestCase_TC1" name="loginTest" time="0.817"/>
  <system-out/>
  <testcase classname="com.qa.testCases.LoginPageTestCase_TC1" name="loginTest" time="0.991"/>
  <system-out/>
</testsuite> <!-- com.qa.testCases.LoginPageTestCase_TC1 -->
