<?xml version="1.0" encoding="UTF-8"?>
<!-- Generated by org.testng.reporters.JUnitReportReporter -->
<testsuite hostname="RajKumar" failures="0" tests="2" name="com.qa.testCases.RegistrationPageTestCase_TC2" time="2.925" errors="0" timestamp="2024-07-25T21:07:11 IST" skipped="0">
  <testcase classname="com.qa.testCases.RegistrationPageTestCase_TC2" name="registerTest" time="1.482"/>
  <system-out/>
  <testcase classname="com.qa.testCases.RegistrationPageTestCase_TC2" name="registerTest" time="1.443"/>
  <system-out/>
</testsuite> <!-- com.qa.testCases.RegistrationPageTestCase_TC2 -->
