<?xml version="1.0" encoding="UTF-8"?>
<!-- Generated by org.testng.reporters.JUnitReportReporter -->
<testsuite hostname="RajKumar" failures="0" tests="6" name="com.qa.testCases.LoginPageTestCase_TC1" time="12.339" errors="0" timestamp="2024-07-25T21:07:11 IST" skipped="0">
  <testcase classname="com.qa.testCases.LoginPageTestCase_TC1" name="loginTest" time="1.751"/>
  <system-out/>
  <testcase classname="com.qa.testCases.LoginPageTestCase_TC1" name="loginTest" time="1.115"/>
  <system-out/>
  <testcase classname="com.qa.testCases.LoginPageTestCase_TC1" name="loginTest" time="1.037"/>
  <system-out/>
  <testcase classname="com.qa.testCases.LoginPageTestCase_TC1" name="loginTest" time="2.850"/>
  <system-out/>
  <testcase classname="com.qa.testCases.LoginPageTestCase_TC1" name="loginTest" time="1.752"/>
  <system-out/>
  <testcase classname="com.qa.testCases.LoginPageTestCase_TC1" name="loginTest" time="3.834"/>
  <system-out/>
</testsuite> <!-- com.qa.testCases.LoginPageTestCase_TC1 -->
