<?xml version="1.0" encoding="UTF-8"?>
<!-- Generated by org.testng.reporters.JUnitReportReporter -->
<testsuite hostname="RajKumar" failures="0" tests="1" name="com.qa.testCases.RegistrationPageTestCase_TC2" time="0.718" errors="0" timestamp="2024-07-12T01:35:03 IST" skipped="0">
  <testcase classname="com.qa.testCases.RegistrationPageTestCase_TC2" name="registerTest" time="0.718"/>
  <system-out/>
</testsuite> <!-- com.qa.testCases.RegistrationPageTestCase_TC2 -->
