<?xml version="1.0" encoding="UTF-8"?>
<!-- Generated by org.testng.reporters.JUnitReportReporter -->
<testsuite hostname="RajKumar" failures="0" tests="3" name="com.qa.testCases.LoginPageTestCase_TC1" time="2.229" errors="0" timestamp="2024-07-12T01:35:03 IST" skipped="0">
  <testcase classname="com.qa.testCases.LoginPageTestCase_TC1" name="loginTest" time="0.686"/>
  <system-out/>
  <testcase classname="com.qa.testCases.LoginPageTestCase_TC1" name="loginTest" time="0.811"/>
  <system-out/>
  <testcase classname="com.qa.testCases.LoginPageTestCase_TC1" name="loginTest" time="0.732"/>
  <system-out/>
</testsuite> <!-- com.qa.testCases.LoginPageTestCase_TC1 -->
