<?xml version="1.0" encoding="UTF-8"?>
<!-- Generated by org.testng.reporters.JUnitReportReporter -->
<testsuite hostname="RajKumar" failures="0" tests="3" name="com.qa.testCases.LoginPageTestCase_TC1" time="3.031" errors="0" timestamp="2024-06-25T23:42:59 IST" skipped="0">
  <testcase classname="com.qa.testCases.LoginPageTestCase_TC1" name="loginTest" time="0.945"/>
  <system-out/>
  <testcase classname="com.qa.testCases.LoginPageTestCase_TC1" name="loginTest" time="1.012"/>
  <system-out/>
  <testcase classname="com.qa.testCases.LoginPageTestCase_TC1" name="loginTest" time="1.074"/>
  <system-out/>
</testsuite> <!-- com.qa.testCases.LoginPageTestCase_TC1 -->
